1460506707.372446372,
1460506709.372673456,
1460506711.372700498,
1460506713.372792873,
1460506715.372910207,
1460506717.373057624,
1460506719.373134832,
1460506721.373255124,
1460506723.373494958,
1460506725.373614125,
1460506727.373735916,
1460506729.373843708,
1460506731.373957709,
1460506733.374082584,
1460506735.374193001,
1460506737.374315876,
1460506739.374332085,
1460506741.374492668,
1460506743.374597835,
1460506745.374734419,
1460506747.374787794,
1460506749.374934086,
1460506751.375025211,
1460506753.375125170,
1460506755.375255461,
1460506757.375370337,
1460506759.375544504,
1460506761.375714254,
1460506763.375837671,
1460506765.375884921,
1460506767.376070171,
1460506769.376183130,
1460506771.376214547,
1460506773.376415380,
1460506775.376458256,
1460506777.376649464,
1460506779.376770298,
1460506781.376779298,
1460506783.376877715,
1460506785.377090673,
1460506787.377231799,
1460506789.377359049,
1460506791.377474424,
1460506793.377551174,
1460506795.377606341,
1460506797.377746592,
1460506799.377834967,
1460506801.377930509,
1460506803.378164134,
1460506805.378249217,
1460506807.378398801,
1460506809.378478093,
1460506811.378551177,
1460506813.378750843,
1460506815.378819802,
1460506817.378874219,
1460506819.378991594,
1460506821.379102511,
1460506823.379340470,
1460506825.379330387,
1460506827.379576928,
1460506829.379635262,
1460506831.379804846,
1460506833.379927554,
1460506835.384295534,
1460506837.384309155,
1460506839.384468033,
1460506841.384503486,
1460506843.384606633,
1460506845.384831212,
1460506847.384942685,
1460506849.385054682,
1460506851.385160889,
1460506853.385273555,
1460506855.385379305,
1460506857.385367264,
1460506859.385505806,
1460506861.385699847,
1460506863.385797888,
1460506865.385906305,
1460506867.386018305,
1460506869.386097097,
1460506871.386241180,
1460506873.386348014,
1460506875.386444263,
1460506877.386492931,
1460506879.386662139,
1460506881.386745013,
1460506883.386881972,
1460506885.386993263,
