1460506712.214592251,
1460506712.214602626,
1460506712.214610043,
1460506712.214619293,
1460506712.214629460,
1460506712.214637668,
1460506712.214679876,
1460506712.214688876,
1460506712.214700126,
1460506712.214758043,
1460506712.214769585,
1460506712.214822251,
1460506712.214837085,
1460506712.214873126,
1460506712.215009543,
1460506712.215018751,
1460506712.215048960,
1460506712.215073460,
1460506712.215953001,
1460506712.215962251,
1460506712.215974626,
1460506712.215983960,
1460506712.215995751,
1460506712.216168585,
1460506712.216176960,
1460506712.216340418,
1460506712.216439251,
1460506712.216493418,
1460506712.217439251,
1460506712.217448251,
1460506712.217457960,
1460506712.217574793,
1460506712.217600876,
1460506712.217655335,
1460506712.217705376,
1460506712.217749251,
1460506712.217765585,
1460506712.217780418,
1460506712.217798543,
1460506712.217823043,
1460506712.217833918,
1460506712.217846418,
1460506712.217855918,
1460506712.218352501,
1460506712.218366126,
1460506712.218376460,
1460506712.218533418,
1460506712.218758293,
1460506712.218778210,
1460506712.218858085,
1460506712.219024293,
1460506712.219032418,
1460506712.219064543,
1460506712.219120001,
1460506712.219131918,
1460506712.219151918,
1460506712.219165460,
1460506712.219191835,
1460506712.219290293,
1460506712.219302251,
1460506712.219311835,
1460506712.219319710,
1460506712.219331335,
1460506712.219340043,
1460506712.219393543,
1460506712.219401793,
1460506712.219416835,
1460506712.219432501,
1460506712.219448460,
1460506712.219459960,
1460506712.219530460,
1460506712.219911835,
1460506712.220159210,
1460506712.220174293,
1460506712.220191001,
1460506712.220200085,
1460506712.220211585,
1460506712.220252376,
1460506712.220295293,
1460506712.220419001,
1460506712.220434793,
1460506713.382005710,
1460506715.382109627,
1460506717.382243544,
1460506719.382307336,
1460506721.382414127,
1460506723.382640503,
1460506725.382746253,
1460506727.382854545,
1460506729.382948878,
1460506731.383049379,
1460506733.383160796,
1460506735.383257712,
1460506737.383367129,
1460506739.383369838,
1460506741.383516963,
1460506743.383608672,
1460506745.383731755,
1460506747.383771589,
1460506749.383904422,
1460506751.383982048,
1460506753.384068506,
1460506755.384185298,
1460506757.384286673,
1460506759.384447382,
1460506761.384603591,
1460506763.384713507,
1460506765.384747258,
1460506767.384919008,
1460506769.385018425,
1460506771.385036300,
1460506773.385223592,
1460506775.385252926,
1460506777.385430592,
1460506779.385537884,
1460506781.385533385,
1460506783.385618260,
1460506785.385817635,
1460506787.385945260,
1460506789.386058969,
1460506791.386160844,
1460506793.386224053,
1460506795.386265678,
1460506797.386392386,
1460506799.386467262,
1460506801.386549262,
1460506803.386769346,
1460506805.386840846,
1460506807.386976888,
1460506809.387042638,
1460506811.387102180,
1460506813.387288263,
1460506815.387343680,
1460506817.387384556,
1460506819.387488389,
1460506821.387585764,
1460506823.387810140,
1460506825.387786432,
1460506827.388019432,
1460506829.388064182,
1460506831.388220182,
1460506833.388329266,
1460506835.384295964,
1460506837.384308914,
1460506839.384467943,
1460506841.384503524,
1460506843.384606655,
1460506845.384831101,
1460506847.384942596,
1460506849.385054587,
1460506851.385160761,
1460506853.385273491,
1460506855.385379263,
1460506857.385367284,
1460506859.385505806,
1460506861.385699912,
1460506863.385797975,
1460506865.385906372,
1460506867.386018394,
1460506869.386097249,
1460506871.386241354,
1460506873.386348167,
1460506875.386444480,
1460506877.386493169,
1460506879.386662441,
1460506881.386745338,
1460506883.386882318,
1460506885.386993673,
