1460506709.987079355,
1460506709.987390605,
1460506709.987403814,
1460506709.989935022,
1460506709.989949605,
1460506709.989963772,
1460506709.990000605,
1460506709.990011564,
1460506709.990028022,
1460506709.990035397,
1460506709.990179939,
1460506711.377543147,
1460506713.377626189,
1460506715.377734231,
1460506717.377872273,
1460506719.377940190,
1460506721.378051107,
1460506723.378281607,
1460506725.378391441,
1460506727.378503857,
1460506729.378602316,
1460506731.378706941,
1460506733.378822400,
1460506735.378923400,
1460506737.379036900,
1460506739.379043734,
1460506741.379194901,
1460506743.379290693,
1460506745.379417860,
1460506747.379461818,
1460506749.379598693,
1460506751.379680444,
1460506753.379770986,
1460506755.379891861,
1460506757.379997319,
1460506759.380162111,
1460506761.380322445,
1460506763.380436487,
1460506765.380474362,
1460506767.380650237,
1460506769.380753779,
1460506771.380775779,
1460506773.380967196,
1460506775.381000697,
1460506777.381182530,
1460506779.381293947,
1460506781.381293572,
1460506783.381382614,
1460506785.381586156,
1460506787.381717865,
1460506789.381835740,
1460506791.381941698,
1460506793.382009074,
1460506795.382054824,
1460506797.382185657,
1460506799.382264658,
1460506801.382350783,
1460506803.382575033,
1460506805.382650700,
1460506807.382790909,
1460506809.382860826,
1460506811.382924493,
1460506813.383114743,
1460506815.383174326,
1460506817.383219327,
1460506819.383327285,
1460506821.383428785,
1460506823.383657286,
1460506825.383637703,
1460506827.383874828,
1460506829.383923661,
1460506831.384083828,
1460506833.384197037,
1460506835.384295787,
1460506837.384308787,
1460506839.384467829,
1460506841.384503371,
1460506843.384606455,
1460506845.384830955,
1460506847.384942413,
1460506849.385054372,
1460506851.385160581,
1460506853.385273289,
1460506855.385379081,
1460506857.385367081,
1460506859.385505665,
1460506861.385699748,
1460506863.385797832,
1460506865.385906291,
1460506867.386018291,
1460506869.386097166,
1460506871.386241291,
1460506873.386348125,
1460506875.386444458,
1460506877.386493125,
1460506879.386662376,
1460506881.386745293,
1460506883.386882251,
1460506885.386993626,
