241178821,
241809114,
240192510,
789146368,
240731032,
957173136,
512653601,
241313272,
750046038,
241807716,
242358450,
242985639,
276481658,
343151936,
409818883,
476492454,
543162733,
609826887,
676500083,
743172987,
809843767,
876514046,
943178909,
9852647,
76524842,
143195122,
209858318,
276531347,
343203626,
409875697,
476546435,
543216714,
609886951,
676557273,
743217511,
809897748,
876568069,
943238306,
9908586,
76578824,
143249102,
209919424,
276588619,
343257816,
409927595,
476597624,
543268362,
609939308,
676610337,
743281325,
809951770,
876622050,
943292288,
9962567,
76632805,
143303168,
209972988,
276642351,
343311464,
409980076,
476648272,
543316134,
609994956,
676665235,
743332556,
809999210,
876676031,
943346185,
10012340,
76686827,
143357065,
210024886,
276690665,
343367903,
410036391,
476701836,
543378658,
610046561,
676711216,
743389454,
810054233,
876718554,
943397209,
10070571,
76740809,
143406296,
210081326,
276751605,
343417884,
410084205,
476762402,
543430847,
610096418,
676761781,
743440977,
810113715,
876783868,
943447898,
10124511,
76790248,
143465069,
210132723,
276797836,
343475866,
410145144,
476812424,
543480370,
610156899,
676827179,
743497457,
810166987,
876834183,
943500962,
10178575,
76847021,
143512258,
210189330,
276855900,
343520430,
410198918,
476862988,
543540643,
610205464,
676881243,
743547522,
810211302,
876889081,
943562277,
10229348,
76892419,
143569782,
210232936,
276910632,
343583869,
410253274,
476917887,
543594665,
610262570,
676927808,
743605462,
810272908,
876945978,
943616258,
10280413,
76956816,
143622346,
210297292,
276964071,
343637851,
410305047,
476968201,
543645480,
610307967,
676984580,
743659443,
810322722,
876998960,
943660615,
10336602,
77010798,
143673785,
210349481,
277021594,
343686415,
410361736,
477032390,
543698253,
610372949,
677043270,
743710049,
810383704,
877046691,
943722304,
10394541,
77059779,
143735059,
210397337,
277073450,
343735063,
410410717,
477086330,
543756651,
610423472,
677084960,
743760863,
810436851,
877098381,
943774285,
10448564,
77111886,
143787498,
210459319,
277124514,
343799877,
410470115,
477137269,
543810674,
610473912,
677149232,
743810303,
810485540,
877160737,
943832266,
10497253,
77172450,
143833563,
210509216,
277183621,
343845650,
410520930,
477194418,
543857280,
610532809,
677205214,
743869368,
810544564,
877216009,
943880622,
10555610,
77226806,
143891544,
210567282,
277237644,
343905215,
410567495,
477244357,
543907095,
610584540,
677247945,
743925641,
810588836,
877266699,
943940270,
10608258,
77280829,
143950441,
210614679,
277291667,
343958737,
410624225,
477302421,
543969409,
610634480,
677313217,
743978830,
810643693,
877322347,
943994293,
10663947,
77327101,
144004673,
210667910,
277344981,
344007761,
410684831,
477356403,
544024931,
610688086,
677365616,
744028978,
810706507,
877370037,
944048107,
10711304,
77388832,
144051737,
210729058,
277391629,
344068200,
410740146,
477406925,
544069205,
610745734,
677421263,
744083543,
810759613,
877432018,
944097339,
10772576,
77435064,
144111177,
210783372,
277448652,
344123889,
410785627,
477460948,
544134685,
610797257,
677472578,
744145482,
810809511,
877485707,
944148153,
10825725,
77489545,
144167116,
210833396,
277498383,
344177704,
410842525,
477506888,
544185459,
610859029,
677527392,
744199464,
810868242,
877540022,
944208467,
10880539,
77547860,
144221097,
210886418,
277561656,
344224185,
410899965,
477561744,
544237481,
610912969,
677583248,
744249444,
810923766,
877584919,
944259741,
10934603,
77604882,
144269329,
210943816,
277603720,
344278125,
410952737,
477626475,
544296712,
610961533,
677635605,
744307508,
810969872,
877644026,
944318180,
10988543,
77651573,
144325435,
210999381,
277659410,
344333773,
411008052,
477680456,
544342236,
611016973,
677691252,
744352657,
811027811,
877702049,
944372328,
11038690,
77712845,
144376625,
211053403,
277717891,
344382128,
411061116,
477726146,
544404716,
611072121,
677738192,
744404054,
811084209,
877749821,
944415559,
11095547,
77760784,
144426064,
211105217,
277769872,
344447902,
411113139,
477788460,
544455656,
611119435,
677797257,
744460703,
811138315,
877801595,
944479582,
11143528,
77820849,
144486461,
211150658,
277829479,
344493716,
411172162,
477837399,
544512721,
611180209,
677844196,
744522059,
811185422,
877863034,
944526563,
11204425,
77867705,
144545110,
211208388,
277885626,
344548739,
411226143,
477889548,
544566701,
611231314,
677895469,
744574331,
811239611,
877918057,
944585252,
11250657,
77928852,
144595382,
211269328,
277939232,
344603428,
411280167,
477946279,
544609975,
611288004,
677951325,
744628980,
811301758,
877970330,
944634068,
11311721,
77974876,
144652155,
211315184,
277992881,
344656868,
411334147,
478002385,
544669539,
611336902,
678015222,
744685544,
811353907,
878020769,
944696298,
11366578,
78032940,
144707095,
211377332,
278043153,
344717891,
411387920,
478052783,
544717104,
611395591,
678069246,
744737899,
811409762,
878079625,
944743029,
11420517,
78083880,
144761075,
211424230,
278101467,
344764414,
411441610,
478104430,
544781543,
611452948,
678120768,
744793506,
811460244,
878122898,
944800303,
11463623,
78141653,
144815099,
211483169,
278146366,
344824061,
411496132,
478164745,
544836691,
611504887,
678177208,
744845529,
811517767,
878185671,
944858283,
11525480,
78198842,
144865163,
211528318,
278205971,
344879876,
411548656,
478213226,
544890672,
611556993,
678221731,
744900677,
811564956,
878242069,
944908098,
11582544,
78251240,
144916352,
211581965,
278262787,
344929690,
411597095,
478274416,
544933695,
611614933,
678285212,
744955450,
811625729,
878296008,
944966329,
11636526,
78306804,
144977084,
211647321,
278317601,
344987880,
411650367,
478323772,
544997760,
611668955,
678339235,
745004305,
811677710,
878349990,
945020268,
11690506,
78351703,
145023273,
211694969,
278366790,
345039111,
411711474,
478382419,
545042366,
611716020,
678390382,
745063454,
811726441,
878402221,
945074250,
11740612,
78414809,
145078963,
211755284,
278418938,
345095842,
411760538,
478436360,
545101222,
611776918,
678439781,
745115060,
811787714,
878457993,
945122273,
11795136,
78467748,
145139069,
211809307,
278479586,
345143740,
411816894,
478490132,
545160662,
611824065,
678498762,
745171458,
811833612,
878507725,
945182003,
11852533,
78515271,
145188716,
211862288,
278533609,
345194638,
411867751,
478540947,
545214559,
611873881,
678547201,
745220647,
811894344,
878566164,
945229402,
11906056,
78569210,
145247073,
211911852,
278587590,
345257536,
411923857,
478598386,
545268665,
611935736,
678609183,
745279461,
811944491,
878620021,
945289091,
11954454,
78619609,
145298804,
211963167,
278641279,
345304809,
411982172,
478645867,
545322897,
611987260,
678663205,
745330318,
811995013,
878673960,
945340739,
12007643,
78684839,
145355036,
212021981,
278695594,
345365831,
412029861,
478706391,
545369503,
612045699,
678717187,
745383216,
812057704,
878720441,
945396054,
12068708,
78732862,
145408058,
212079296,
278742408,
345416063,
412089425,
478760371,
545422276,
612096305,
678770584,
745441406,
812105893,
878780339,
945452243,
12122481,
78786052,
145458747,
212130985,
278802973,
345473835,
412133865,
478807061,
545480423,
612153245,
678825148,
745495428,
812165666,
878835945,
945498224,
12169379,
78840699,
145512479,
212185133,
278857579,
345527859,
412191096,
478863417,
545535529,
612207309,
678878672,
745549451,
812219689,
878889968,
945560205,
12219818,
78900722,
145565210,
212239656,
278911560,
345578340,
412252078,
478919440,
545583636,
612262790,
678927861,
745603391,
812272211,
878936949,
945614187,
12280632,
78954745,
145624191,
212288720,
278965542,
345631862,
412306058,
478973921,
545646617,
612314855,
678977926,
745655080,
812327651,
878995930,
945659585,
12337906,
79002393,
145667548,
212348161,
