0,
0,
0,
0,
0,
0,
0,
0,
0,
0,
0,
0,
0,
0,
0,
0,
0,
0,
0,
0,
0,
0,
0,
0,
0,
0,
0,
0,
0,
0,
0,
0,
0,
0,
0,
0,
0,
0,
0,
0,
0,
0,
0,
0,
0,
0,
0,
0,
0,
0,
0,
0,
0,
0,
0,
0,
0,
0,
0,
0,
0,
0,
0,
0,
0,
0,
0,
0,
0,
0,
0,
0,
0,
0,
0,
0,
0,
0,
0,
0,
0,
0,
0,
0,
0,
0,
0,
0,
0,
0,
0,
0,
0,
0,
0,
0,
0,
0,
0,
0,
0,
0,
0,
0,
1,
0,
2,
1,
1,
0,
1,
0,
8,
2,
45,
1,
42,
4,
43,
4,
39,
3,
38,
2,
45,
5,
50,
4,
58,
2,
61,
5,
58,
6,
48,
3,
40,
2,
39,
5,
57,
2,
23,
1,
23,
3,
20,
0,
9,
0,
3,
0,
10,
2,
18,
1,
19,
0,
19,
1,
13,
0,
7,
1,
9,
1,
11,
1,
12,
2,
34,
0,
8,
0,
0,
0,
0,
1,
15,
1,
17,
1,
43,
4,
41,
3,
26,
1,
10,
1,
17,
2,
17,
1,
14,
0,
14,
1,
8,
2,
28,
1,
24,
2,
22,
1,
17,
0,
18,
37,
6,
0,
9,
0,
9,
0,
12,
0,
11,
0,
12,
24,
13,
1,
12,
1,
9,
0,
6,
0,
2,
0,
3,
0,
26,
51,
22,
1,
24,
1,
26,
52,
37,
2,
35,
1,
29,
1,
26,
53,
57,
0,
61,
121,
62,
126,
78,
4,
101,
0,
30,
1,
26,
51,
43,
89,
26,
1,
27,
1,
58,
115,
52,
3,
60,
0,
60,
121,
66,
131,
3,
0,
2,
0,
54,
108,
56,
114,
59,
2,
67,
0,
70,
1,
22,
43,
20,
40,
22,
44,
19,
1,
14,
0,
1,
3,
0,
0,
0,
0,
0,
0,
1,
0,
2,
5,
2,
0,
2,
1,
1,
3,
2,
5,
2,
4,
9,
16,
9,
18,
10,
0,
11,
0,
12,
24,
37,
76,
31,
63,
38,
76,
44,
2,
52,
0,
27,
1,
29,
1,
70,
140,
61,
123,
71,
3,
79,
3,
86,
171,
32,
64,
95,
2,
75,
1,
70,
141,
72,
1,
75,
150,
88,
176,
87,
179,
92,
5,
108,
0,
11,
23,
2,
0,
53,
0,
55,
110,
59,
118,
54,
1,
57,
112,
57,
114,
46,
93,
46,
93,
22,
45,
27,
1,
34,
0,
115,
229,
93,
189,
74,
153,
77,
159,
86,
0,
38,
74,
11,
23,
12,
25,
11,
0,
8,
1,
20,
40,
30,
63,
34,
71,
34,
68,
30,
62,
18,
0,
22,
43,
116,
235,
100,
203,
99,
1,
120,
240,
130,
263,
27,
56,
17,
36,
78,
155,
64,
0,
58,
116,
54,
109,
57,
117,
46,
1,
62,
124,
9,
19,
11,
24,
9,
0,
37,
74,
28,
57,
31,
63,
33,
67,
37,
0,
9,
18,
7,
13,
10,
21,
12,
0,
77,
154,
68,
0,
73,
145,
70,
141,
69,
140,
47,
101,
55,
111,
54,
107,
59,
120,
15,
32,
9,
19,
0,
1,
0,
1,
4,
9,
3,
7,
3,
7,
3,
8,
4,
8,
53,
110,
46,
97,
63,
125,
71,
145,
86,
179,
39,
79,
29,
62,
15,
31,
7,
14,
0,
0,
0,
0,
0,
0,
1,
3,
57,
117,
59,
122,
53,
113,
56,
116,
55,
117,
47,
94,
36,
74,
35,
74,
32,
68,
37,
76,
41,
86,
4,
7,
5,
10,
8,
18,
14,
28,
15,
30,
13,
27,
26,
56,
21,
43,
20,
42,
22,
44,
24,
50,
10,
19,
12,
25,
14,
28,
12,
25,
9,
17,
3,
6,
34,
70,
30,
63,
26,
55,
28,
57,
29,
62,
18,
37,
18,
38,
13,
27,
12,
25,
10,
22,
9,
20,
1,
3,
2,
4,
1,
4,
4,
8,
4,
8,
11,
23,
10,
22,
9,
21,
21,
45,
20,
43,
21,
42,
26,
54,
31,
66,
67,
138,
59,
124,
54,
113,
48,
102,
57,
116,
0,
0,
0,
0,
58,
120,
52,
108,
49,
103,
49,
106,
56,
116,
18,
38,
29,
63,
42,
85,
59,
122,
49,
100,
42,
88,
25,
52,
50,
102,
31,
64,
28,
59,
28,
60,
33,
68,
1,
3,
1,
3,
3,
6,
2,
4,
3,
5,
3,
6,
4,
9,
7,
14,
8,
17,
5,
9,
2,
4,
0,
0,
0,
0,
1,
1,
19,
39,
15,
29,
15,
30,
16,
32,
19,
41,
4,
8,
6,
12,
6,
14,
33,
68,
30,
64,
27,
57,
26,
54,
29,
62,
29,
63,
28,
57,
26,
54,
23,
51,
28,
60,
34,
71,
47,
100,
52,
107,
69,
142,
73,
156,
71,
155,
70,
146,
1,
3,
0,
0,
0,
0,
13,
28,
43,
93,
65,
140,
