241178821,
241809114,
240193069,
789147116,
240731588,
957173667,
512654113,
241313721,
750046463,
241808133,
242358853,
242986909,
276483105,
343153389,
409820342,
476493918,
543164204,
609828363,
676501565,
743174475,
809845260,
876515546,
943180414,
9854158,
76526359,
143196644,
209859846,
276532881,
343205166,
409877243,
476547987,
543218271,
609888514,
676558842,
743219085,
809899329,
876569655,
943239898,
9910184,
76580427,
143250712,
209921039,
276590241,
343259443,
409929227,
476599263,
543270006,
609940958,
676611993,
743282987,
809953438,
876623723,
943293967,
9964252,
76634496,
143304864,
209974691,
276644059,
343313177,
409981796,
476649997,
543317866,
609996693,
676666978,
743334305,
810000964,
876677792,
943347951,
10014112,
76688605,
143358849,
210026675,
276692460,
343369704,
410038197,
476703649,
543380476,
610048386,
676713046,
743391289,
810056075,
876720401,
943399062,
10072430,
76742674,
143408167,
210083202,
276753487,
343419772,
410086099,
476764301,
543432753,
610098329,
676763697,
743442900,
810115643,
876785803,
943449838,
10126457,
76792200,
143467026,
210134687,
276799805,
343477841,
410147125,
476814411,
543482362,
610158897,
676829183,
743499467,
810169003,
876836204,
943502990,
10180608,
76849059,
143514303,
210191380,
276857957,
343522492,
410200985,
476865062,
543542722,
610207549,
676883334,
743549619,
810213404,
876891189,
943564391,
10231468,
76894545,
143571913,
210235074,
276912775,
343586018,
410255429,
476920047,
543596832,
610264742,
676929986,
743607646,
810275097,
876948174,
943618459,
10282620,
76959029,
143624565,
210299516,
276966301,
343640087,
410307288,
476970449,
543647733,
610310227,
676986845,
743661713,
810324999,
877001242,
943662903,
10338896,
77013098,
143676091,
210351792,
277023911,
343688738,
410364065,
477034725,
543700594,
610375295,
677045622,
743712407,
810386067,
877049061,
943724679,
10396922,
77062166,
143737451,
210399736,
277075854,
343737473,
410413133,
477088751,
543759078,
610425905,
677087399,
743763308,
810439302,
877100837,
943776748,
10451032,
77114359,
143789978,
210461804,
277127006,
343802374,
410472617,
477139778,
543813188,
610476432,
677151758,
743812835,
810488078,
877163280,
943834815,
10499808,
77175011,
143836129,
210511789,
277186199,
343848235,
410523520,
477197013,
543859882,
610535416,
677207827,
743871987,
810547188,
877218640,
943883258,
10558252,
77229454,
143894198,
210569941,
277240309,
343907886,
410570171,
477247040,
543909783,
610587235,
677250645,
743928346,
810591548,
877269416,
943942994,
10610987,
77283564,
143953182,
210617425,
277294419,
343961495,
410626989,
477305191,
543972185,
610637261,
677316004,
743981623,
810646491,
877325152,
943997103,
10666763,
77329923,
144007500,
210670744,
277347820,
344010606,
410687682,
477359259,
544027794,
610690954,
677368490,
744031858,
810709393,
877372928,
944051004,
10714207,
77391741,
144054652,
210731978,
277394556,
344071132,
410743083,
477409869,
544072154,
610748689,
677424224,
744086510,
810762586,
877434996,
944100323,
10775566,
77438060,
144114178,
210786380,
277451665,
344126908,
410788652,
477463978,
544137722,
610800299,
677475626,
744148536,
810812570,
877488773,
944151224,
10828802,
77492628,
144170205,
210836490,
277501483,
344180810,
410845637,
477510006,
544188582,
610862159,
677530527,
744202604,
810871389,
877543174,
944211626,
10883703,
77551030,
144224273,
210889599,
277564843,
344227378,
410903164,
477564948,
544240692,
610916185,
677586470,
744252672,
810926999,
877588159,
944262986,
10937854,
77608139,
144272591,
210947085,
277606994,
344281405,
410956023,
477629766,
544300010,
610964836,
677638914,
744310823,
810973193,
877647352,
944321512,
10991881,
77654916,
144328785,
211002736,
277662772,
344337140,
411011424,
477683835,
544345620,
611020364,
677694648,
744356059,
811031219,
877705462,
944375747,
11042115,
77716276,
144380061,
211056846,
277721339,
344385583,
411064576,
477729611,
544408188,
611075598,
677741675,
744407543,
811087703,
877753322,
944419065,
11099059,
77764302,
144429588,
211108747,
277773407,
344451443,
411116686,
477792013,
544459214,
611123000,
677800827,
744464278,
811141897,
877805182,
944483176,
11147127,
77824453,
144490072,
211154274,
277833101,
344497344,
411175796,
477841039,
544516366,
611183860,
677847853,
744525722,
811189090,
877866709,
944530243,
11208111,
77871397,
144548807,
211212092,
277889335,
344552454,
411229864,
477893275,
544570434,
611235052,
677899213,
744578081,
811243367,
877921818,
944589019,
11254430,
77932631,
144599167,
211273118,
277943029,
344607230,
411283974,
477950093,
544613794,
611291830,
677955156,
744632817,
811305601,
877974178,
944637922,
11315581,
77978742,
144656027,
211319062,
277996764,
344660757,
411338042,
478006285,
544673446,
611340814,
678019141,
744689468,
811357836,
878024705,
944700239,
11370525,
78036893,
144711054,
211381297,
278047123,
344721867,
411391902,
478056771,
544721097,
611399591,
678073251,
744741910,
811413779,
878083647,
944747058,
11424551,
78087920,
144765121,
211428281,
278105525,
344768477,
411445679,
478108505,
544785623,
611457034,
678124860,
744797604,
811464347,
878127008,
944804418,
11467745,
78145780,
144819231,
211487308,
278150510,
344828212,
411500288,
478168906,
544840859,
611509060,
678181387,
744849714,
811521958,
878189867,
944862485,
11529688,
78203056,
144869383,
211532543,
278210203,
344884113,
411552898,
478217475,
544894926,
611561254,
678225997,
744904949,
811569234,
878246352,
944912387,
11586839,
78255541,
144920659,
211586278,
278267105,
344934014,
411601425,
478278751,
544938037,
611619280,
678289566,
744959809,
811630093,
878300379,
944970705,
11640908,
78311192,
144981478,
211651721,
278322006,
344992291,
411654784,
478328195,
545002188,
611673389,
678343675,
745008751,
811682162,
878354447,
945024732,
11694975,
78356178,
145027754,
211699455,
278371283,
345043609,
411715978,
478386929,
545046882,
611720541,
678394909,
745067987,
811730980,
878406766,
945078800,
11745168,
78419371,
145083530,
211759858,
278423517,
345100428,
411765129,
478440956,
545105825,
611781526,
678444395,
745119680,
811792340,
878462625,
945126910,
11799779,
78472397,
145143724,
211813967,
278484253,
345148412,
411821572,
478494816,
545165351,
611828761,
678503463,
745176165,
811838325,
878512443,
945186728,
11857263,
78520007,
145193458,
211867036,
278538362,
345199397,
411872516,
478545717,
545219336,
611878663,
678551990,
745225441,
811899143,
878570970,
945234213,
11910874,
78574033,
145251901,
211916687,
278592430,
345262382,
411928709,
478603244,
545273529,
611940606,
678614058,
745284342,
811949378,
878624913,
945293990,
11959358,
78624519,
145303720,
211968088,
278646207,
345309742,
411987111,
478650812,
545327847,
611992216,
678668167,
745335286,
811999987,
878678940,
945345724,
12012634,
78689836,
145360038,
212026990,
278700608,
345370852,
412034887,
478711422,
545374541,
612050742,
678722236,
745388271,
812062765,
878725508,
945401126,
12073786,
78737946,
145413148,
212084391,
278747510,
345421170,
412094538,
478765490,
545427400,
612101436,
678775720,
745446548,
812111041,
878785492,
945457403,
12127646,
78791223,
145463924,
212136168,
278808161,
345479029,
412139065,
478812266,
545485635,
612158462,
678830371,
745500657,
812170900,
878841186,
945503470,
12174631,
78845957,
145517743,
212190403,
278862854,
345533140,
412196383,
478868710,
545540828,
612212613,
678883982,
745554767,
812225011,
878895295,
945565539,
12225157,
78906067,
145570561,
212245012,
278916923,
345583708,
412257452,
478924820,
545589022,
612268182,
678933258,
745608794,
812277620,
878942364,
945619607,
12286058,
78960177,
145629629,
212294164,
278970991,
345637318,
412311519,
478979387,
545652090,
612320333,
678983410,
745660570,
812333147,
879001432,
945665092,
12343419,
79007912,
145673073,
212353691,
