431096510,
681118260,
931124260,
181145427,
431165385,
681171593,
931177677,
181198218,
431204844,
681226260,
931233094,
181254969,
431263219,
681271094,
931293094,
181300385,
431321969,
681328885,
931350427,
181356511,
431376511,
681382219,
931401844,
181406344,
431426344,
681431969,
931452636,
181459427,
431480511,
681502427,
931509678,
181516719,
431538886,
681547011,
931554678,
181575803,
431582594,
681604636,
931612053,
181619469,
431642219,
681649928,
931672678,
181680595,
431673803,
681711678,
931720261,
181729261,
431752720,
681760428,
931768678,
181791428,
431798678,
681820262,
931826553,
181848178,
431855512,
681863512,
931885137,
181893845,
431916553,
681925095,
931932595,
181955637,
431964262,
681974470,
931998054,
182006595,
432014595,
682037720,
932047012,
182056470,
432051595,
682089762,
932099262,
182108512,
432131971,
682141262,
932149971,
182158929,
432182471,
682190887,
932199137,
182221637,
432229929,
682253137,
932261388,
182269721,
432292971,
682301846,
932310929,
182319888,
432344179,
682340429,
932367388,
182366096,
432393679,
682406388,
932403721,
182427888,
432451513,
701525758,
951549014,
201557963,
451537178,
701576256,
951586264,
201595012,
451617935,
701626401,
951649699,
201658921,
451668810,
701678285,
951703046,
201713364,
451738540,
701748943,
951760200,
201771567,
451797780,
701809598,
951820135,
201831570,
451843864,
701857151,
951872239,
201901022,
451914911,
701927088,
951936565,
201945993,
451970302,
701980609,
951990657,
202015002,
452023128,
702046492,
952056161,
202065417,
452089392,
702098555,
952108957,
202133994,
452145313,
702155669,
952166234,
202190483,
452200331,
702210360,
952233910,
202243248,
452267141,
702275860,
952285301,
202308687,
452319130,
702329421,
952340571,
202366214,
452376274,
702386403,
952411584,
202422901,
452434250,
702445474,
952457782,
202483973,
452495737,
702506233,
952516323,
202556575,
452554884,
702568775,
952581778,
202593472,
452604556,
702629699,
952639479,
202649602,
452675621,
702687658,
952701537,
202714866,
452726365,
702736804,
952761872,
202771579,
452780424,
702803632,
952812775,
202836044,
452844937,
702854962,
952879519,
202904885,
452901858,
702913859,
952925535,
202952293,
452963884,
702975537,
952986583,
203011567,
453021443,
703032036,
953056700,
203066792,
453077458,
703088708,
953101625,
203130225,
453130567,
703145029,
953160622,
203178235,
453197581,
703216078,
953218757,
203249601,
453249197,
703262336,
953289236,
203300344,
453310315,
703320202,
953344795,
203354453,
453364376,
703389281,
953399493,
203410535,
453435497,
703446127,
953457022,
203468354,
453495380,
703507086,
953519207,
203532042,
453559457,
703557790,
953570252,
203597588,
453610371,
703637073,
953634975,
203662766,
453660333,
703672484,
953697710,
203708147,
453719373,
703731350,
953758034,
203770055,
453782340,
703793733,
953804788,
203830657,
453841479,
703852973,
953865124,
203862734,
453890161,
703917549,
953930818,
203944511,
453958586,
703972707,
953987606,
204001545,
454014389,
704026834,
954038358,
204078713,
454075364,
704087224,
954100174,
204113164,
454125787,
704152359,
954164570,
204176904,
454188813,
704200097,
954212438,
204239184,
454251865,
704264651,
954277154,
204288776,
454300618,
704326521,
954337293,
204348524,
454359816,
704386752,
954399856,
204412919,
454441048,
704440650,
954454329,
204467395,
454479561,
704491477,
954518809,
204531794,
454560291,
704560047,
954575754,
204590168,
454603667,
704618659,
954635034,
204650952,
454652761,
704670344,
954689427,
204694814,
454715188,
704735105,
954740649,
204760234,
454778226,
704794518,
954808750,
204822915,
454836707,
704850206,
954864163,
204879380,
454878798,
704906902,
954921237,
204936322,
454937593,
704969172,
954985655,
204987685,
455003126,
705017371,
955031232,
205059518,
455073734,
705088615,
955089763,
205104721,
455121081,
705138655,
955156876,
205176430,
455182954,
705205542,
955213909,
205221462,
455244147,
705250975,
955271835,
205292737,
455299832,
705293738,
955331441,
205339326,
455362015,
705356474,
955395744,
205406222,
455416501,
705426448,
955451089,
205459731,
455482849,
705491712,
955500609,
205523726,
455530466,
705549584,
955551878,
205568009,
455597229,
705612657,
955614486,
205630943,
455648895,
705666716,
955683462,
205701958,
455706989,
705724655,
955740724,
205756340,
455770792,
705785162,
955799557,
205814344,
455829773,
705844634,
955858330,
205872191,
455887098,
705901600,
955915642,
205928645,
455941865,
705954645,
955968394,
205982183,
455995638,
706024659,
956024977,
206040773,
456056803,
706072393,
956088578,
206103558,
456118852,
706134770,
956134932,
206163485,
456176866,
706190254,
956203813,
206217159,
456231251,
706245703,
956259932,
206274245,
456288512,
706302878,
956331507,
206345628,
456359076,
706372275,
956384646,
206397260,
456410744,
706424597,
956438992,
206453887,
456468753,
706483880,
956500392,
206515419,
456529725,
706542925,
956570135,
206569012,
456583119,
706597135,
956610391,
206625004,
456640180,
706654907,
956669268,
206683634,
456699527,
706700018,
956730156,
206745752,
456762839,
706781266,
956798552,
206802358,
456821926,
706841265,
956845763,
206865513,
456884023,
706900910,
956916393,
206931448,
456931699,
706959723,
956973309,
206986771,
457001163,
707015408,
957030244,
207044825,
457059795,
707058587,
957086654,
207085391,
457113401,
707126743,
957139732,
207154155,
457169006,
707183059,
957197725,
207213201,
457230521,
707248779,
957265908,
207269687,
457289191,
707294278,
957312738,
207329450,
457345487,
707362157,
957379042,
207396509,
457385155,
707404124,
957437919,
207429344,
457465404,
707485879,
957493250,
207515314,
457520909,
707525966,
957545813,
207565025,
457584613,
707604034,
957608368,
207627955,
457618923,
707654718,
957675106,
207680860,
457702697,
707709783,
957717616,
207723203,
457741226,
707774219,
957792502,
207795406,
457812482,
707829565,
957847178,
207866314,
457870901,
707874388,
957905205,
207921997,
457923308,
707953967,
957955629,
207971937,
457987617,
708001999,
958002305,
208032093,
458032281,
708060111,
958059212,
208089668,
458107171,
708124006,
958141328,
208143324,
458174743,
708176950,
958194198,
208211943,
458231166,
708235995,
958255350,
208260889,
458279335,
708296462,
958313034,
208331232,
458336293,
708356658,
958378007,
208385161,
458407122,
708413904,
958434802,
208441257,
458478663,
708473502,
958483813,
208510321,
458521054,
708530858,
958539332,
208560386,
458580210,
708584057,
958602200,
208620296,
458638411,
708656374,
958659510,
208677215,
458694484,
708711982,
958729359,
208731356,
458748172,
708764299,
958780892,
208797318,
458799166,
708829472,
958846422,
208847685,
458863171,
708878642,
958893480,
208907238,
458921613,
708935115,
958963679,
208964509,
458979681,
708994424,
959009429,
209023877,
459038865,
709053729,
959069619,
209086195,
459103802,
709123428,
959128633,
209148512,
459154716,
709175638,
959197234,
209204821,
459212914,
709218542,
959237154,
209269781,
459273723,
709292937,
959311577,
209314499,
459317704,
709349335,
959367451,
209386747,
459392771,
709411900,
959429382,
209433217,
459452501,
709473628,
959480800,
209502469,
459510209,
709533541,
959542640,
209551386,
459575160,
709585530,
959597305,
209609516,
459622204,
709649255,
959661366,
209674205,
459687167,
709701416,
959714669,
209712912,
459741433,
709756255,
959769668,
209794079,
459802588,
709824883,
959832233,
209852695,
459842913,
709876239,
959894579,
209912522,
459915994,
709933894,
959951780,
209970559,
459973552,
709992041,
960011082,
210017330,
460039390,
710047194,
960068915,
210076312,
460098418,
710107002,
960130180,
210139398,
460149032,
710173578,
960181841,
210202493,
460208675,
710230187,
960239397,
210264015,
460273699,
710281940,
960305134,
210312459,
460334099,
710328552,
960353654,
210379030,
460388586,
710397213,
960420679,
210427265,
460448297,
710469966,
960476139,
210483517,
460505514,
710499267,
960537699,
210545123,
460566693,
710574368,
960595770,
210603822,
460628016,
710637729,
960645974,
210667893,
460688730,
710694144,
960712873,
210716579,
460734254,
710751878,
960769358,
210786023,
460801981,
710819390,
960822515,
210826008,
460858928,
710877048,
960865670,
210898086,
460915396,
710933942,
960938715,
210958429,
460976968,
710994643,
960997144,
211014235,
461030743,
711047374,
961063766,
211080393,
461096930,
711112305,
961127863,
211128938,
461145141,
711160384,
961175586,
211191074,
461206911,
711206558,
961235803,
211250990,
461266294,
711281403,
961297076,
211312314,
461327236,
711341824,
961356463,
211386347,
461387385,
711403412,
961419555,
211421299,
461437088,
711452708,
961468830,
211485486,
461501227,
711516020,
961530894,
211545485,
461559105,
711573623,
961589791,
211607269,
461625147,
711630076,
961649469,
211654883,
