239132321,
239668281,
240201240,
685691616,
240740325,
69394783,
605447867,
241322784,
241817077,
242367787,
242996288,
276492538,
343162830,
409829788,
476503372,
543173663,
609837830,
676510997,
743183955,
809854747,
876524997,
943189872,
9863622,
76535830,
143206122,
209869330,
276542372,
343214622,
409886705,
476557497,
543227747,
609898038,
676568330,
743228580,
809908830,
876579163,
943249413,
9919705,
76589955,
143260205,
209930539,
276599747,
343268955,
409938747,
476608789,
543279539,
609950497,
676621539,
743292497,
809962955,
876633247,
943303497,
9973789,
76644080,
143314414,
209984247,
276653622,
343322747,
409991372,
476659580,
543327455,
610006247,
676676539,
743343872,
810010539,
876687372,
943357539,
10023705,
76698205,
143368455,
210036289,
276702039,
343379289,
410047830,
476713289,
543390080,
610057997,
676722664,
743400914,
810065705,
876730039,
943408705,
10082039,
76752289,
143417789,
210092831,
276763122,
343429414,
410095747,
476773956,
543442414,
610107956,
676773372,
743452581,
810125331,
876795497,
943459539,
10136122,
76801872,
143476706,
210144414,
276809497,
343487539,
410156831,
476824122,
543492081,
610168622,
676838914,
743509164,
810178706,
876845914,
943512706,
10190331,
76858789,
143524039,
210201122,
276867706,
343532247,
410210706,
476874789,
543552497,
610217289,
676893081,
743559414,
810223164,
876900956,
943574164,
10241248,
76904331,
143581706,
210244831,
276922581,
343595789,
410265206,
476929831,
543606623,
610274539,
676939789,
743617456,
810284914,
876957998,
943628289,
10292414,
76968831,
143634414,
210309373,
276976164,
343649956,
410317123,
476980289,
543657581,
610320081,
676996664,
743671581,
810334831,
877011123,
943672789,
10348789,
77022956,
143685956,
210361706,
277033831,
343698623,
410373914,
477044623,
543710498,
610385206,
677055498,
743722290,
810395998,
877058956,
943734581,
10406831,
77072081,
143747415,
210409665,
277085790,
343747415,
410423081,
477098706,
543769040,
610435873,
677097373,
743773248,
810449248,
877110790,
943786706,
10460998,
77124290,
143799956,
210471790,
277136998,
343812331,
410482623,
477149790,
543823165,
610486415,
677161748,
743822831,
810498081,
877173290,
943844831,
10509831,
77185040,
143846165,
210521790,
277196206,
343858248,
410533540,
477207040,
543869915,
610545457,
677217873,
743882040,
810557248,
877228707,
943893332,
10568332,
77239540,
143904290,
210580040,
277250373,
343917998,
410580248,
477257123,
543919873,
610597332,
677260748,
743938415,
810601665,
877279540,
943953123,
10621082,
77293665,
143963290,
210627540,
277304540,
343971623,
410637123,
477315332,
543982290,
610647373,
677326165,
743991790,
810656665,
877335290,
944007248,
10676915,
77340082,
144017665,
210680915,
277357999,
344020790,
410697874,
477369457,
544037957,
610701124,
677378707,
744042040,
810719624,
877383124,
944061249,
10724415,
77401957,
144064874,
210742165,
277404790,
344081374,
410753332,
477420082,
544082374,
610758915,
677434457,
744096749,
810772832,
877445249,
944110582,
10785790,
77448332,
144124457,
210796624,
277461957,
344137207,
410798915,
477474249,
544147999,
610810582,
677485915,
744158832,
810822832,
877499082,
944161540,
10839082,
77502957,
144180499,
210846791,
277511791,
344191124,
410855957,
477520332,
544198916,
610872499,
677540874,
744212957,
810881707,
877553541,
944221957,
10894082,
77561374,
144234624,
210899957,
277575166,
344237749,
410913541,
477575332,
544251041,
610926541,
677596832,
744263041,
810937416,
877598541,
944273416,
10948249,
77618541,
144282957,
210957499,
277617416,
344291832,
410966416,
477640166,
544310416,
610975249,
677649332,
744321249,
810983624,
877657791,
944331916,
11002333,
77665333,
144339249,
211013166,
277673249,
344347624,
411021874,
477694291,
544356083,
611030833,
677705124,
744366541,
811041708,
877715958,
944386208,
11052583,
77726749,
144390541,
211067333,
277731833,
344396083,
411075083,
477740124,
544418666,
611086083,
677752166,
744418041,
811098208,
877763833,
944429624,
11109624,
77774833,
144440124,
211119249,
277783958,
344461999,
411127208,
477802583,
544469749,
611133541,
677811375,
744474833,
811152458,
877815750,
944493750,
11157708,
77835041,
144500666,
211164875,
277843666,
344507916,
411186375,
477851625,
544526958,
611194458,
677858458,
744536333,
811199708,
877877333,
944540875,
11218750,
77882000,
144559416,
211222708,
277900000,
344563083,
411240541,
477903916,
544581083,
611245708,
677909875,
744588750,
811254041,
877932458,
944599666,
11265083,
77943291,
144609833,
211283833,
277953708,
344617916,
411294625,
477960792,
544624458,
611302500,
677965875,
744643500,
811316292,
877984875,
944648625,
11326292,
77989458,
144666750,
211329792,
278007500,
344671500,
411348792,
478017042,
544684167,
611351542,
678029875,
744700208,
811368583,
878035458,
944711000,
11381250,
78047625,
144721833,
211392083,
278057875,
344732667,
411402708,
478067542,
544731875,
611410375,
678084042,
744752708,
811424583,
878094417,
944757875,
11435375,
78098750,
144775958,
211439125,
278116375,
344779334,
411456500,
478119334,
544796459,
611467875,
678135709,
744808417,
811475209,
878137875,
944815292,
11478584,
78156667,
144830084,
211498167,
278161375,
344839084,
411511167,
478179792,
544851709,
611519959,
678192292,
744860584,
811532834,
878200750,
944873375,
11540584,
78213959,
144880292,
211543459,
278221084,
344895042,
411563834,
478228375,
544905875,
611572209,
678236959,
744915875,
811580209,
878257292,
944923334,
11597792,
78266501,
144931626,
211597251,
278278042,
344945001,
411612376,
478289709,
544949001,
611630251,
678300542,
744970792,
811641084,
878311376,
944981709,
11651917,
78322209,
144992459,
211662751,
278333042,
345003292,
411665792,
478339209,
545013209,
611684417,
678354709,
745019792,
811693167,
878365501,
945035751,
11706042,
78367251,
145038792,
211710501,
278382334,
345054667,
411727042,
478398001,
545057959,
611731626,
678406001,
745079084,
811742084,
878417876,
945089918,
11756251,
78430459,
145094626,
211771001,
278434626,
345111543,
411776251,
478452084,
545116959,
611792668,
678455501,
745130793,
811803459,
878473751,
945138084,
11810918,
78483543,
145154876,
211825126,
278495418,
345159543,
411832751,
478505959,
545176501,
611839918,
678514626,
745187334,
811849501,
878523626,
945197918,
11868418,
78531209,
145204626,
211878209,
278549543,
345210626,
411883709,
478556918,
545230584,
611889876,
678563210,
745236668,
811910376,
878582210,
945245418,
11922126,
78585293,
145263126,
211927960,
278603668,
345273626,
411939960,
478614501,
545284793,
611951876,
678625335,
745295626,
811960668,
878636210,
945305293,
11970626,
78635793,
145315001,
211979376,
278657501,
345321043,
411998376,
478662126,
545339126,
612003543,
678679460,
745346585,
812011293,
878690293,
945357043,
12023960,
78701168,
145371376,
212038335,
278711918,
345382210,
412046210,
478722752,
545385877,
612062085,
678733585,
745399585,
812074127,
878736877,
945412502,
12085168,
78749335,
145424543,
212095793,
278758877,
345432543,
412105918,
478776877,
545438793,
612112835,
678787127,
745457960,
812122460,
878796877,
945468793,
12139043,
78802627,
145475335,
212147543,
278819585,
345490460,
412150460,
478823668,
545497043,
612169877,
678841835,
745512085,
812182335,
878852627,
945514918,
12186085,
78857418,
145529168,
212201835,
278874294,
345544585,
412207877,
478880210,
545552294,
612224085,
678895460,
745566210,
812236502,
878906794,
945577044,
12236627,
78917585,
145582044,
212256502,
278928419,
345595210,
412268960,
478936335,
545600544,
612279669,
678944752,
745620335,
812289169,
878953877,
945631169,
12297585,
78971710,
145641169,
212305710,
278982544,
345648877,
412323085,
478990960,
545663627,
612331877,
678995002,
745672127,
812344710,
879013002,
945676627,
12355002,
79019461,
145684627,
212365252,
