241178821,
241809114,
240196940,
789152130,
240735445,
957177231,
512657516,
241316866,
750049402,
241811053,
242361674,
242991110,
276487590,
343157884,
409824845,
476498431,
543168726,
609832895,
676506106,
743179025,
809849820,
876520115,
943184993,
9858745,
76530956,
143201251,
209864462,
276537506,
343209800,
409881887,
476552640,
543222933,
609893186,
676563523,
743223776,
809904028,
876574364,
943244617,
9914912,
76585164,
143255458,
209925795,
276595006,
343264217,
409934011,
476604056,
543274809,
609945770,
676616814,
743287817,
809958278,
876628573,
943298825,
9969120,
76639373,
143309751,
209979586,
276648964,
343318092,
409986720,
476654930,
543322808,
610001645,
676671939,
743339275,
810005944,
876682781,
943352950,
10019119,
76693622,
143363875,
210031711,
276697506,
343374758,
410043261,
476708722,
543385559,
610053477,
676718147,
743396400,
810061195,
876725530,
943404200,
10077578,
76747831,
143413333,
210088378,
276758672,
343424967,
410091303,
476769514,
543437975,
610103561,
676768939,
743448150,
810120903,
876791072,
943455117,
10131744,
76797497,
143472333,
210140003,
276805130,
343483175,
410152469,
476819764,
543487724,
610164269,
676834564,
743504858,
810174402,
876841613,
943508408,
10186036,
76854496,
143519749,
210196836,
276863422,
343527967,
410206469,
476870555,
543548225,
610213061,
676888855,
743555149,
810218944,
876896739,
943569949,
10237036,
76900122,
143577500,
210240669,
276918380,
343591633,
410261053,
476925680,
543602474,
610270394,
676935647,
743613316,
810280777,
876953863,
943624158,
10288328,
76964746,
143630291,
210305252,
276972047,
343645841,
410313052,
476976222,
543653516,
610316018,
676992646,
743667524,
810330819,
877007071,
943668741,
10344744,
77018955,
143681957,
210357668,
277029796,
343694633,
410369968,
477040638,
543706516,
610381227,
677051564,
743718357,
810392027,
877055030,
943730658,
10402910,
77068163,
143743458,
210405752,
277081879,
343743507,
410419177,
477094805,
543765140,
610431977,
677093480,
743769399,
810445401,
877106946,
943782866,
10457160,
77120497,
143796124,
210467960,
277133171,
343808549,
410478801,
477145971,
543819391,
610482644,
677157979,
743819065,
810494318,
877169530,
943841073,
10506076,
77181288,
143842416,
210518084,
277192504,
343854549,
410529844,
477203346,
543866224,
610541768,
677214188,
743878358,
810553568,
877225029,
943889657,
10564660,
77235871,
143900624,
210576377,
277246755,
343914340,
410576635,
477253513,
543916266,
610593726,
677257146,
743934857,
810598068,
877275945,
943949532,
10617535,
77290121,
143959748,
210624001,
277301004,
343968090,
410633593,
477311804,
543978807,
610643893,
677322646,
743988273,
810653151,
877331821,
944003782,
10673451,
77336620,
144014207,
210677460,
277354545,
344017340,
410694426,
477366013,
544034556,
610697726,
677375271,
744038649,
810716192,
877379737,
944057823,
10721035,
77398579,
144061498,
210738834,
277401421,
344078007,
410749967,
477416762,
544079057,
610755601,
677431145,
744093440,
810769526,
877441946,
944107281,
10782534,
77445037,
144121165,
210793375,
277458670,
344133923,
410795676,
477471012,
544144764,
610807351,
677482687,
744155607,
810819650,
877495862,
944158323,
10835910,
77499745,
144177331,
210843626,
277508629,
344187964,
410852801,
477517179,
544195765,
610869350,
677537728,
744209815,
810878609,
877550403,
944218864,
10890951,
77558287,
144231539,
210896875,
277572128,
344234673,
410910468,
477572261,
544248014,
610923517,
677593812,
744260022,
810934359,
877595528,
944270365,
10945242,
77615536,
144279998,
210954501,
277614420,
344288839,
410963467,
477637220,
544307472,
610972308,
677646395,
744318314,
810980693,
877654861,
944329031,
10999409,
77662454,
144336331,
211010292,
277670337,
344344715,
411019008,
477691428,
544353223,
611027976,
677702269,
744363689,
811038859,
877713112,
944383405,
11049783,
77723953,
144387748,
211064541,
277729044,
344393297,
411072300,
477737345,
544415930,
611083350,
677749436,
744415314,
811095483,
877761111,
944426864,
11106867,
77772119,
144437414,
211116583,
277781253,
344459297,
411124550,
477799886,
544467097,
611130892,
677808728,
744472189,
811149817,
877813112,
944491114,
11155075,
77832411,
144498039,
211162250,
277841086,
344505339,
411183800,
477849052,
544524389,
611191892,
677855895,
744533772,
811197150,
877874778,
944538322,
11216199,
77879494,
144556914,
211220208,
277897460,
344560588,
411238008,
477901428,
544578596,
611243224,
677907394,
744586272,
811251567,
877930027,
944597238,
11262658,
77940869,
144607413,
211281374,
277951294,
344615505,
411292258,
477958386,
544622097,
611300142,
677963478,
744641147,
811313941,
877982528,
944646281,
11323949,
77987119,
144664414,
211327458,
278005169,
344669172,
411346466,
478014719,
544681888,
611349266,
678027602,
744697939,
811366316,
878033194,
944708738,
11379033,
78045410,
144719580,
211389833,
278055669,
344730421,
411400466,
478065344,
544729680,
611408183,
678081852,
744750521,
811422399,
878092277,
944755696,
11433199,
78096577,
144773788,
211436957,
278114210,
344777172,
411454383,
478117218,
544794346,
611465766,
678133602,
744806354,
811473107,
878135777,
944813197,
11476533,
78154577,
144828038,
211496124,
278159336,
344837046,
411509132,
478177760,
544849722,
611517932,
678190268,
744858605,
811530858,
878198776,
944871404,
11538616,
78211994,
144878329,
211541499,
278219168,
344893088,
411561882,
478226468,
544903929,
611570266,
678235019,
744913979,
811578274,
878255402,
944921446,
11595907,
78264618,
144929746,
211595374,
278276210,
344943129,
411610549,
478287885,
544947179,
611628432,
678298727,
744968980,
811639273,
878309568,
944979904,
11650116,
78320409,
144990704,
211660957,
278331252,
345001545,
411664048,
478337468,
545011471,
611682682,
678352976,
745018062,
811691482,
878363777,
945034070,
11704323,
78365535,
145037121,
211708831,
278380668,
345053004,
411725382,
478396342,
545056304,
611729973,
678404351,
745077437,
811740440,
878416235,
945088279,
11754657,
78428868,
145093037,
211769374,
278433043,
345109962,
411774673,
478450510,
545115388,
611791098,
678453976,
745129271,
811801940,
878472234,
945136529,
11809407,
78482035,
145153370,
211823623,
278493918,
345158087,
411831256,
478504509,
545175054,
611838473,
678513185,
745185895,
811848065,
878522193,
945196487,
11867031,
78529784,
145203245,
211876832,
278548167,
345209212,
411882340,
478555551,
545229178,
611888515,
678561851,
745235312,
811909023,
878580859,
945244112,
11920782,
78583951,
145261828,
211926623,
278602376,
345272337,
411938673,
478613217,
545283512,
611950598,
678624059,
745294353,
811959398,
878634943,
945304028,
11969406,
78634576,
145313787,
211978164,
278656292,
345319837,
411997215,
478660925,
545337970,
612002348,
678678309,
745345436,
812010147,
878689109,
945355903,
12022823,
78700033,
145370245,
212037206,
278710834,
345381086,
412045131,
478721676,
545384804,
612061014,
678732517,
745398562,
812073065,
878735817,
945411445,
12084114,
78748284,
145423494,
212094747,
278757875,
345431545,
412104922,
478775883,
545437803,
612111848,
678786142,
745456978,
812121481,
878795942,
945467862,
12138114,
78801700,
145474411,
212146664,
278818666,
345489544,
412149589,
478822800,
545496177,
612169014,
678840933,
745511228,
812181480,
878851775,
945514069,
12185239,
78856575,
145528369,
212201039,
278873500,
345543795,
412207047,
478879383,
545551511,
612223306,
678894683,
745565478,
812235731,
878906025,
945576277,
12235905,
78916825,
145581328,
212255788,
278927708,
345594503,
412268256,
478935633,
545599844,
612279014,
678944100,
745619645,
812288480,
878953233,
945630486,
12296947,
78971074,
145640536,
212305080,
278981917,
345648252,
412322463,
478990341,
545663053,
612331305,
678994391,
745671561,
812344147,
879012441,
945676111,
12354447,
79018950,
145684120,
212364747,
