0,
0,
0,
0,
0,
0,
0,
0,
0,
0,
0,
0,
0,
0,
0,
0,
0,
0,
0,
0,
0,
0,
0,
0,
0,
0,
0,
0,
0,
0,
0,
0,
0,
0,
0,
0,
0,
0,
0,
0,
0,
0,
0,
0,
0,
0,
0,
0,
0,
0,
0,
0,
0,
0,
0,
0,
0,
0,
0,
0,
0,
0,
0,
0,
0,
0,
0,
0,
0,
0,
0,
0,
0,
0,
0,
0,
0,
0,
0,
0,
0,
0,
0,
0,
0,
0,
0,
0,
0,
0,
0,
0,
0,
0,
0,
0,
0,
0,
0,
0,
0,
0,
0,
0,
1,
0,
1,
0,
2,
0,
2,
1,
3,
0,
0,
0,
0,
0,
1,
0,
4,
1,
14,
0,
5,
0,
4,
2,
41,
2,
34,
4,
38,
6,
51,
4,
55,
1,
46,
4,
40,
2,
27,
1,
26,
3,
32,
4,
41,
0,
2,
2,
59,
8,
58,
3,
52,
2,
52,
4,
61,
2,
27,
0,
24,
3,
26,
2,
27,
2,
35,
1,
33,
6,
51,
4,
56,
18,
190,
9,
150,
3,
118,
13,
133,
11,
146,
1,
44,
5,
43,
3,
41,
2,
42,
2,
42,
0,
0,
0,
0,
0,
0,
0,
3,
0,
7,
0,
5,
10,
20,
2,
20,
0,
18,
1,
14,
0,
15,
0,
15,
28,
12,
1,
15,
0,
0,
0,
2,
1,
3,
0,
3,
0,
7,
14,
9,
1,
10,
0,
20,
38,
21,
2,
28,
1,
33,
0,
34,
68,
29,
0,
27,
54,
26,
53,
9,
0,
0,
0,
0,
0,
0,
0,
4,
7,
10,
0,
10,
0,
19,
40,
22,
1,
23,
0,
20,
39,
13,
27,
2,
0,
3,
0,
9,
17,
68,
138,
63,
2,
65,
1,
58,
0,
59,
118,
59,
120,
58,
118,
59,
3,
72,
0,
5,
10,
6,
0,
7,
0,
7,
0,
5,
0,
3,
6,
3,
0,
1,
0,
1,
2,
2,
4,
2,
4,
3,
7,
2,
5,
4,
1,
5,
0,
4,
8,
10,
20,
15,
32,
9,
19,
2,
0,
0,
1,
53,
2,
51,
1,
64,
127,
69,
140,
114,
3,
121,
3,
112,
220,
100,
204,
123,
0,
24,
0,
27,
53,
25,
0,
32,
64,
73,
149,
69,
142,
64,
3,
64,
0,
53,
105,
1,
1,
10,
1,
67,
132,
61,
123,
62,
2,
69,
136,
65,
131,
22,
43,
21,
43,
6,
11,
1,
0,
0,
0,
11,
22,
29,
59,
43,
90,
35,
71,
24,
1,
41,
83,
31,
63,
29,
60,
30,
0,
35,
0,
110,
218,
96,
192,
90,
182,
96,
194,
94,
193,
50,
1,
52,
104,
69,
140,
83,
169,
113,
0,
111,
220,
94,
190,
79,
160,
85,
177,
16,
33,
19,
1,
33,
66,
35,
70,
27,
56,
15,
0,
45,
90,
32,
65,
29,
59,
30,
0,
41,
81,
12,
23,
31,
63,
28,
58,
23,
0,
21,
42,
22,
47,
44,
90,
37,
0,
48,
97,
56,
0,
53,
107,
3,
7,
0,
0,
0,
0,
64,
129,
65,
132,
57,
117,
51,
106,
56,
117,
4,
7,
1,
2,
1,
2,
2,
4,
2,
3,
2,
3,
1,
2,
9,
21,
15,
32,
10,
21,
0,
0,
33,
68,
22,
45,
28,
58,
43,
91,
56,
113,
8,
16,
9,
17,
6,
14,
6,
13,
11,
23,
8,
16,
12,
24,
13,
25,
7,
14,
5,
10,
14,
29,
14,
28,
17,
35,
27,
56,
20,
43,
13,
26,
10,
22,
7,
13,
0,
0,
0,
0,
0,
0,
1,
2,
9,
18,
9,
18,
9,
18,
9,
18,
28,
59,
25,
52,
26,
53,
25,
52,
31,
63,
2,
5,
5,
11,
11,
24,
15,
31,
16,
32,
13,
25,
19,
40,
18,
37,
16,
33,
16,
34,
17,
36,
6,
12,
4,
8,
4,
7,
4,
6,
4,
8,
2,
4,
1,
4,
6,
12,
6,
12,
9,
19,
12,
23,
11,
23,
41,
86,
34,
72,
41,
83,
46,
94,
49,
103,
15,
34,
11,
20,
1,
2,
2,
3,
12,
24,
16,
36,
18,
40,
16,
35,
15,
29,
9,
18,
75,
161,
73,
150,
50,
106,
43,
90,
47,
99,
0,
0,
4,
8,
11,
22,
12,
25,
11,
24,
9,
18,
4,
7,
3,
5,
2,
4,
2,
4,
2,
5,
2,
4,
19,
40,
17,
37,
18,
36,
21,
44,
24,
50,
6,
14,
7,
14,
4,
8,
4,
9,
9,
21,
29,
62,
26,
58,
26,
53,
20,
41,
17,
37,
2,
3,
0,
0,
0,
0,
1,
2,
4,
8,
11,
24,
10,
22,
15,
32,
22,
46,
20,
43,
18,
40,
16,
34,
1,
4,
0,
0,
112,
233,
101,
213,
95,
206,
108,
226,
133,
280,
35,
76,
122,
253,
173,
364,
137,
294,
111,
241,
